<?xml version="1.0" encoding="UTF-8"?>
<testsuite xmlns:xsi="http://www.w3.org/2001/XMLSchema-instance" xsi:noNamespaceSchemaLocation="https://maven.apache.org/surefire/maven-surefire-plugin/xsd/surefire-test-report.xsd" version="3.0.2" name="com.uq.apitests.RunCucumberTest" time="6.584" tests="1" errors="0" skipped="0" failures="0">
  <properties>
    <property name="java.specification.version" value="21"/>
    <property name="sun.cpu.isalist" value="amd64"/>
    <property name="sun.jnu.encoding" value="Cp1252"/>
    <property name="java.class.path" value="C:\Users\Samuel\IdeaProjects\Taller1_microservicios\api-tests\target\test-classes;C:\Users\Samuel\IdeaProjects\Taller1_microservicios\api-tests\target\classes;C:\Users\Samuel\.m2\repository\io\cucumber\cucumber-java\7.29.0\cucumber-java-7.29.0.jar;C:\Users\Samuel\.m2\repository\io\cucumber\cucumber-core\7.29.0\cucumber-core-7.29.0.jar;C:\Users\Samuel\.m2\repository\io\cucumber\cucumber-gherkin\7.29.0\cucumber-gherkin-7.29.0.jar;C:\Users\Samuel\.m2\repository\io\cucumber\cucumber-gherkin-messages\7.29.0\cucumber-gherkin-messages-7.29.0.jar;C:\Users\Samuel\.m2\repository\io\cucumber\gherkin\35.1.0\gherkin-35.1.0.jar;C:\Users\Samuel\.m2\repository\io\cucumber\messages\29.0.1\messages-29.0.1.jar;C:\Users\Samuel\.m2\repository\io\cucumber\pretty-formatter\2.3.0\pretty-formatter-2.3.0.jar;C:\Users\Samuel\.m2\repository\io\cucumber\query\14.3.0\query-14.3.0.jar;C:\Users\Samuel\.m2\repository\io\cucumber\teamcity-formatter\0.1.1\teamcity-formatter-0.1.1.jar;C:\Users\Samuel\.m2\repository\io\cucumber\testng-xml-formatter\0.6.0\testng-xml-formatter-0.6.0.jar;C:\Users\Samuel\.m2\repository\io\cucumber\tag-expressions\6.1.2\tag-expressions-6.1.2.jar;C:\Users\Samuel\.m2\repository\io\cucumber\cucumber-expressions\18.0.1\cucumber-expressions-18.0.1.jar;C:\Users\Samuel\.m2\repository\io\cucumber\cucumber-json-formatter\0.2.1\cucumber-json-formatter-0.2.1.jar;C:\Users\Samuel\.m2\repository\io\cucumber\datatable\7.29.0\datatable-7.29.0.jar;C:\Users\Samuel\.m2\repository\io\cucumber\cucumber-plugin\7.29.0\cucumber-plugin-7.29.0.jar;C:\Users\Samuel\.m2\repository\io\cucumber\docstring\7.29.0\docstring-7.29.0.jar;C:\Users\Samuel\.m2\repository\io\cucumber\html-formatter\21.15.1\html-formatter-21.15.1.jar;C:\Users\Samuel\.m2\repository\io\cucumber\junit-xml-formatter\0.9.0\junit-xml-formatter-0.9.0.jar;C:\Users\Samuel\.m2\repository\io\cucumber\ci-environment\10.0.1\ci-environment-10.0.1.jar;C:\Users\Samuel\.m2\repository\org\apiguardian\apiguardian-api\1.1.2\apiguardian-api-1.1.2.jar;C:\Users\Samuel\.m2\repository\io\cucumber\cucumber-junit-platform-engine\7.29.0\cucumber-junit-platform-engine-7.29.0.jar;C:\Users\Samuel\.m2\repository\org\junit\platform\junit-platform-engine\1.13.4\junit-platform-engine-1.13.4.jar;C:\Users\Samuel\.m2\repository\org\opentest4j\opentest4j\1.3.0\opentest4j-1.3.0.jar;C:\Users\Samuel\.m2\repository\org\junit\platform\junit-platform-commons\1.13.4\junit-platform-commons-1.13.4.jar;C:\Users\Samuel\.m2\repository\org\junit\platform\junit-platform-suite\1.13.4\junit-platform-suite-1.13.4.jar;C:\Users\Samuel\.m2\repository\org\junit\platform\junit-platform-suite-api\1.13.4\junit-platform-suite-api-1.13.4.jar;C:\Users\Samuel\.m2\repository\org\junit\platform\junit-platform-suite-engine\1.13.4\junit-platform-suite-engine-1.13.4.jar;C:\Users\Samuel\.m2\repository\org\junit\platform\junit-platform-suite-commons\1.13.4\junit-platform-suite-commons-1.13.4.jar;C:\Users\Samuel\.m2\repository\org\junit\platform\junit-platform-launcher\1.13.4\junit-platform-launcher-1.13.4.jar;C:\Users\Samuel\.m2\repository\org\assertj\assertj-core\3.27.5\assertj-core-3.27.5.jar;C:\Users\Samuel\.m2\repository\net\bytebuddy\byte-buddy\1.17.7\byte-buddy-1.17.7.jar;C:\Users\Samuel\.m2\repository\io\rest-assured\rest-assured\5.5.0\rest-assured-5.5.0.jar;C:\Users\Samuel\.m2\repository\org\apache\groovy\groovy\4.0.22\groovy-4.0.22.jar;C:\Users\Samuel\.m2\repository\org\apache\groovy\groovy-xml\4.0.22\groovy-xml-4.0.22.jar;C:\Users\Samuel\.m2\repository\org\apache\httpcomponents\httpclient\4.5.13\httpclient-4.5.13.jar;C:\Users\Samuel\.m2\repository\org\apache\httpcomponents\httpcore\4.4.13\httpcore-4.4.13.jar;C:\Users\Samuel\.m2\repository\commons-logging\commons-logging\1.2\commons-logging-1.2.jar;C:\Users\Samuel\.m2\repository\commons-codec\commons-codec\1.11\commons-codec-1.11.jar;C:\Users\Samuel\.m2\repository\org\apache\httpcomponents\httpmime\4.5.13\httpmime-4.5.13.jar;C:\Users\Samuel\.m2\repository\org\ccil\cowan\tagsoup\tagsoup\1.2.1\tagsoup-1.2.1.jar;C:\Users\Samuel\.m2\repository\io\rest-assured\json-path\5.5.0\json-path-5.5.0.jar;C:\Users\Samuel\.m2\repository\org\apache\groovy\groovy-json\4.0.22\groovy-json-4.0.22.jar;C:\Users\Samuel\.m2\repository\io\rest-assured\rest-assured-common\5.5.0\rest-assured-common-5.5.0.jar;C:\Users\Samuel\.m2\repository\io\rest-assured\xml-path\5.5.0\xml-path-5.5.0.jar;C:\Users\Samuel\.m2\repository\io\rest-assured\json-schema-validator\5.5.0\json-schema-validator-5.5.0.jar;C:\Users\Samuel\.m2\repository\com\github\java-json-tools\json-schema-validator\2.2.14\json-schema-validator-2.2.14.jar;C:\Users\Samuel\.m2\repository\com\github\java-json-tools\jackson-coreutils-equivalence\1.0\jackson-coreutils-equivalence-1.0.jar;C:\Users\Samuel\.m2\repository\com\fasterxml\jackson\core\jackson-databind\2.11.0\jackson-databind-2.11.0.jar;C:\Users\Samuel\.m2\repository\com\fasterxml\jackson\core\jackson-annotations\2.11.0\jackson-annotations-2.11.0.jar;C:\Users\Samuel\.m2\repository\com\fasterxml\jackson\core\jackson-core\2.11.0\jackson-core-2.11.0.jar;C:\Users\Samuel\.m2\repository\com\github\java-json-tools\jackson-coreutils\2.0\jackson-coreutils-2.0.jar;C:\Users\Samuel\.m2\repository\com\github\java-json-tools\msg-simple\1.2\msg-simple-1.2.jar;C:\Users\Samuel\.m2\repository\com\github\java-json-tools\btf\1.3\btf-1.3.jar;C:\Users\Samuel\.m2\repository\com\github\java-json-tools\json-schema-core\1.2.14\json-schema-core-1.2.14.jar;C:\Users\Samuel\.m2\repository\com\github\java-json-tools\uri-template\0.10\uri-template-0.10.jar;C:\Users\Samuel\.m2\repository\org\mozilla\rhino\1.7.7.2\rhino-1.7.7.2.jar;C:\Users\Samuel\.m2\repository\com\sun\mail\mailapi\1.6.2\mailapi-1.6.2.jar;C:\Users\Samuel\.m2\repository\joda-time\joda-time\2.10.5\joda-time-2.10.5.jar;C:\Users\Samuel\.m2\repository\com\googlecode\libphonenumber\libphonenumber\8.11.1\libphonenumber-8.11.1.jar;C:\Users\Samuel\.m2\repository\com\google\code\findbugs\jsr305\3.0.2\jsr305-3.0.2.jar;C:\Users\Samuel\.m2\repository\net\sf\jopt-simple\jopt-simple\5.0.4\jopt-simple-5.0.4.jar;C:\Users\Samuel\.m2\repository\com\google\guava\guava\33.2.1-jre\guava-33.2.1-jre.jar;C:\Users\Samuel\.m2\repository\com\google\guava\failureaccess\1.0.2\failureaccess-1.0.2.jar;C:\Users\Samuel\.m2\repository\com\google\guava\listenablefuture\9999.0-empty-to-avoid-conflict-with-guava\listenablefuture-9999.0-empty-to-avoid-conflict-with-guava.jar;C:\Users\Samuel\.m2\repository\org\checkerframework\checker-qual\3.42.0\checker-qual-3.42.0.jar;C:\Users\Samuel\.m2\repository\com\google\errorprone\error_prone_annotations\2.26.1\error_prone_annotations-2.26.1.jar;C:\Users\Samuel\.m2\repository\com\google\j2objc\j2objc-annotations\3.0.0\j2objc-annotations-3.0.0.jar;C:\Users\Samuel\.m2\repository\com\github\javafaker\javafaker\1.0.2\javafaker-1.0.2.jar;C:\Users\Samuel\.m2\repository\org\apache\commons\commons-lang3\3.5\commons-lang3-3.5.jar;C:\Users\Samuel\.m2\repository\org\yaml\snakeyaml\1.23\snakeyaml-1.23-android.jar;C:\Users\Samuel\.m2\repository\com\github\mifmif\generex\1.0.2\generex-1.0.2.jar;C:\Users\Samuel\.m2\repository\dk\brics\automaton\automaton\1.11-8\automaton-1.11-8.jar;C:\Users\Samuel\.m2\repository\org\hamcrest\hamcrest\2.2\hamcrest-2.2.jar;C:\Users\Samuel\.m2\repository\io\cucumber\cucumber-picocontainer\7.29.0\cucumber-picocontainer-7.29.0.jar;C:\Users\Samuel\.m2\repository\org\picocontainer\picocontainer\2.15.2\picocontainer-2.15.2.jar;"/>
    <property name="java.vm.vendor" value="Oracle Corporation"/>
    <property name="sun.arch.data.model" value="64"/>
    <property name="user.variant" value=""/>
    <property name="java.vendor.url" value="https://java.oracle.com/"/>
    <property name="user.timezone" value="America/Bogota"/>
    <property name="os.name" value="Windows 11"/>
    <property name="java.vm.specification.version" value="21"/>
    <property name="sun.java.launcher" value="SUN_STANDARD"/>
    <property name="user.country" value="CO"/>
    <property name="sun.boot.library.path" value="C:\Program Files\Java\jdk-21\bin"/>
    <property name="sun.java.command" value="C:\Users\Samuel\AppData\Local\Temp\surefire660244489709428351\surefirebooter-20251024010455018_3.jar C:\Users\Samuel\AppData\Local\Temp\surefire660244489709428351 2025-10-24T01-04-54_805-jvmRun1 surefire-20251024010455018_1tmp surefire_0-20251024010455018_2tmp"/>
    <property name="jdk.debug" value="release"/>
    <property name="surefire.test.class.path" value="C:\Users\Samuel\IdeaProjects\Taller1_microservicios\api-tests\target\test-classes;C:\Users\Samuel\IdeaProjects\Taller1_microservicios\api-tests\target\classes;C:\Users\Samuel\.m2\repository\io\cucumber\cucumber-java\7.29.0\cucumber-java-7.29.0.jar;C:\Users\Samuel\.m2\repository\io\cucumber\cucumber-core\7.29.0\cucumber-core-7.29.0.jar;C:\Users\Samuel\.m2\repository\io\cucumber\cucumber-gherkin\7.29.0\cucumber-gherkin-7.29.0.jar;C:\Users\Samuel\.m2\repository\io\cucumber\cucumber-gherkin-messages\7.29.0\cucumber-gherkin-messages-7.29.0.jar;C:\Users\Samuel\.m2\repository\io\cucumber\gherkin\35.1.0\gherkin-35.1.0.jar;C:\Users\Samuel\.m2\repository\io\cucumber\messages\29.0.1\messages-29.0.1.jar;C:\Users\Samuel\.m2\repository\io\cucumber\pretty-formatter\2.3.0\pretty-formatter-2.3.0.jar;C:\Users\Samuel\.m2\repository\io\cucumber\query\14.3.0\query-14.3.0.jar;C:\Users\Samuel\.m2\repository\io\cucumber\teamcity-formatter\0.1.1\teamcity-formatter-0.1.1.jar;C:\Users\Samuel\.m2\repository\io\cucumber\testng-xml-formatter\0.6.0\testng-xml-formatter-0.6.0.jar;C:\Users\Samuel\.m2\repository\io\cucumber\tag-expressions\6.1.2\tag-expressions-6.1.2.jar;C:\Users\Samuel\.m2\repository\io\cucumber\cucumber-expressions\18.0.1\cucumber-expressions-18.0.1.jar;C:\Users\Samuel\.m2\repository\io\cucumber\cucumber-json-formatter\0.2.1\cucumber-json-formatter-0.2.1.jar;C:\Users\Samuel\.m2\repository\io\cucumber\datatable\7.29.0\datatable-7.29.0.jar;C:\Users\Samuel\.m2\repository\io\cucumber\cucumber-plugin\7.29.0\cucumber-plugin-7.29.0.jar;C:\Users\Samuel\.m2\repository\io\cucumber\docstring\7.29.0\docstring-7.29.0.jar;C:\Users\Samuel\.m2\repository\io\cucumber\html-formatter\21.15.1\html-formatter-21.15.1.jar;C:\Users\Samuel\.m2\repository\io\cucumber\junit-xml-formatter\0.9.0\junit-xml-formatter-0.9.0.jar;C:\Users\Samuel\.m2\repository\io\cucumber\ci-environment\10.0.1\ci-environment-10.0.1.jar;C:\Users\Samuel\.m2\repository\org\apiguardian\apiguardian-api\1.1.2\apiguardian-api-1.1.2.jar;C:\Users\Samuel\.m2\repository\io\cucumber\cucumber-junit-platform-engine\7.29.0\cucumber-junit-platform-engine-7.29.0.jar;C:\Users\Samuel\.m2\repository\org\junit\platform\junit-platform-engine\1.13.4\junit-platform-engine-1.13.4.jar;C:\Users\Samuel\.m2\repository\org\opentest4j\opentest4j\1.3.0\opentest4j-1.3.0.jar;C:\Users\Samuel\.m2\repository\org\junit\platform\junit-platform-commons\1.13.4\junit-platform-commons-1.13.4.jar;C:\Users\Samuel\.m2\repository\org\junit\platform\junit-platform-suite\1.13.4\junit-platform-suite-1.13.4.jar;C:\Users\Samuel\.m2\repository\org\junit\platform\junit-platform-suite-api\1.13.4\junit-platform-suite-api-1.13.4.jar;C:\Users\Samuel\.m2\repository\org\junit\platform\junit-platform-suite-engine\1.13.4\junit-platform-suite-engine-1.13.4.jar;C:\Users\Samuel\.m2\repository\org\junit\platform\junit-platform-suite-commons\1.13.4\junit-platform-suite-commons-1.13.4.jar;C:\Users\Samuel\.m2\repository\org\junit\platform\junit-platform-launcher\1.13.4\junit-platform-launcher-1.13.4.jar;C:\Users\Samuel\.m2\repository\org\assertj\assertj-core\3.27.5\assertj-core-3.27.5.jar;C:\Users\Samuel\.m2\repository\net\bytebuddy\byte-buddy\1.17.7\byte-buddy-1.17.7.jar;C:\Users\Samuel\.m2\repository\io\rest-assured\rest-assured\5.5.0\rest-assured-5.5.0.jar;C:\Users\Samuel\.m2\repository\org\apache\groovy\groovy\4.0.22\groovy-4.0.22.jar;C:\Users\Samuel\.m2\repository\org\apache\groovy\groovy-xml\4.0.22\groovy-xml-4.0.22.jar;C:\Users\Samuel\.m2\repository\org\apache\httpcomponents\httpclient\4.5.13\httpclient-4.5.13.jar;C:\Users\Samuel\.m2\repository\org\apache\httpcomponents\httpcore\4.4.13\httpcore-4.4.13.jar;C:\Users\Samuel\.m2\repository\commons-logging\commons-logging\1.2\commons-logging-1.2.jar;C:\Users\Samuel\.m2\repository\commons-codec\commons-codec\1.11\commons-codec-1.11.jar;C:\Users\Samuel\.m2\repository\org\apache\httpcomponents\httpmime\4.5.13\httpmime-4.5.13.jar;C:\Users\Samuel\.m2\repository\org\ccil\cowan\tagsoup\tagsoup\1.2.1\tagsoup-1.2.1.jar;C:\Users\Samuel\.m2\repository\io\rest-assured\json-path\5.5.0\json-path-5.5.0.jar;C:\Users\Samuel\.m2\repository\org\apache\groovy\groovy-json\4.0.22\groovy-json-4.0.22.jar;C:\Users\Samuel\.m2\repository\io\rest-assured\rest-assured-common\5.5.0\rest-assured-common-5.5.0.jar;C:\Users\Samuel\.m2\repository\io\rest-assured\xml-path\5.5.0\xml-path-5.5.0.jar;C:\Users\Samuel\.m2\repository\io\rest-assured\json-schema-validator\5.5.0\json-schema-validator-5.5.0.jar;C:\Users\Samuel\.m2\repository\com\github\java-json-tools\json-schema-validator\2.2.14\json-schema-validator-2.2.14.jar;C:\Users\Samuel\.m2\repository\com\github\java-json-tools\jackson-coreutils-equivalence\1.0\jackson-coreutils-equivalence-1.0.jar;C:\Users\Samuel\.m2\repository\com\fasterxml\jackson\core\jackson-databind\2.11.0\jackson-databind-2.11.0.jar;C:\Users\Samuel\.m2\repository\com\fasterxml\jackson\core\jackson-annotations\2.11.0\jackson-annotations-2.11.0.jar;C:\Users\Samuel\.m2\repository\com\fasterxml\jackson\core\jackson-core\2.11.0\jackson-core-2.11.0.jar;C:\Users\Samuel\.m2\repository\com\github\java-json-tools\jackson-coreutils\2.0\jackson-coreutils-2.0.jar;C:\Users\Samuel\.m2\repository\com\github\java-json-tools\msg-simple\1.2\msg-simple-1.2.jar;C:\Users\Samuel\.m2\repository\com\github\java-json-tools\btf\1.3\btf-1.3.jar;C:\Users\Samuel\.m2\repository\com\github\java-json-tools\json-schema-core\1.2.14\json-schema-core-1.2.14.jar;C:\Users\Samuel\.m2\repository\com\github\java-json-tools\uri-template\0.10\uri-template-0.10.jar;C:\Users\Samuel\.m2\repository\org\mozilla\rhino\1.7.7.2\rhino-1.7.7.2.jar;C:\Users\Samuel\.m2\repository\com\sun\mail\mailapi\1.6.2\mailapi-1.6.2.jar;C:\Users\Samuel\.m2\repository\joda-time\joda-time\2.10.5\joda-time-2.10.5.jar;C:\Users\Samuel\.m2\repository\com\googlecode\libphonenumber\libphonenumber\8.11.1\libphonenumber-8.11.1.jar;C:\Users\Samuel\.m2\repository\com\google\code\findbugs\jsr305\3.0.2\jsr305-3.0.2.jar;C:\Users\Samuel\.m2\repository\net\sf\jopt-simple\jopt-simple\5.0.4\jopt-simple-5.0.4.jar;C:\Users\Samuel\.m2\repository\com\google\guava\guava\33.2.1-jre\guava-33.2.1-jre.jar;C:\Users\Samuel\.m2\repository\com\google\guava\failureaccess\1.0.2\failureaccess-1.0.2.jar;C:\Users\Samuel\.m2\repository\com\google\guava\listenablefuture\9999.0-empty-to-avoid-conflict-with-guava\listenablefuture-9999.0-empty-to-avoid-conflict-with-guava.jar;C:\Users\Samuel\.m2\repository\org\checkerframework\checker-qual\3.42.0\checker-qual-3.42.0.jar;C:\Users\Samuel\.m2\repository\com\google\errorprone\error_prone_annotations\2.26.1\error_prone_annotations-2.26.1.jar;C:\Users\Samuel\.m2\repository\com\google\j2objc\j2objc-annotations\3.0.0\j2objc-annotations-3.0.0.jar;C:\Users\Samuel\.m2\repository\com\github\javafaker\javafaker\1.0.2\javafaker-1.0.2.jar;C:\Users\Samuel\.m2\repository\org\apache\commons\commons-lang3\3.5\commons-lang3-3.5.jar;C:\Users\Samuel\.m2\repository\org\yaml\snakeyaml\1.23\snakeyaml-1.23-android.jar;C:\Users\Samuel\.m2\repository\com\github\mifmif\generex\1.0.2\generex-1.0.2.jar;C:\Users\Samuel\.m2\repository\dk\brics\automaton\automaton\1.11-8\automaton-1.11-8.jar;C:\Users\Samuel\.m2\repository\org\hamcrest\hamcrest\2.2\hamcrest-2.2.jar;C:\Users\Samuel\.m2\repository\io\cucumber\cucumber-picocontainer\7.29.0\cucumber-picocontainer-7.29.0.jar;C:\Users\Samuel\.m2\repository\org\picocontainer\picocontainer\2.15.2\picocontainer-2.15.2.jar;"/>
    <property name="sun.cpu.endian" value="little"/>
    <property name="user.home" value="C:\Users\Samuel"/>
    <property name="user.language" value="es"/>
    <property name="java.specification.vendor" value="Oracle Corporation"/>
    <property name="java.version.date" value="2025-10-21"/>
    <property name="java.home" value="C:\Program Files\Java\jdk-21"/>
    <property name="file.separator" value="\"/>
    <property name="basedir" value="C:\Users\Samuel\IdeaProjects\Taller1_microservicios\api-tests"/>
    <property name="java.vm.compressedOopsMode" value="32-bit"/>
    <property name="line.separator" value="&#10;"/>
    <property name="java.vm.specification.vendor" value="Oracle Corporation"/>
    <property name="java.specification.name" value="Java Platform API Specification"/>
    <property name="surefire.real.class.path" value="C:\Users\Samuel\AppData\Local\Temp\surefire660244489709428351\surefirebooter-20251024010455018_3.jar"/>
    <property name="user.script" value=""/>
    <property name="sun.management.compiler" value="HotSpot 64-Bit Tiered Compilers"/>
    <property name="java.runtime.version" value="21.0.9+7-LTS-338"/>
    <property name="user.name" value="Samuel"/>
    <property name="stdout.encoding" value="Cp1252"/>
    <property name="path.separator" value=";"/>
    <property name="os.version" value="10.0"/>
    <property name="java.runtime.name" value="Java(TM) SE Runtime Environment"/>
    <property name="file.encoding" value="UTF-8"/>
    <property name="java.vm.name" value="Java HotSpot(TM) 64-Bit Server VM"/>
    <property name="localRepository" value="C:\Users\Samuel\.m2\repository"/>
    <property name="java.vendor.url.bug" value="https://bugreport.java.com/bugreport/"/>
    <property name="java.io.tmpdir" value="C:\Users\Samuel\AppData\Local\Temp\"/>
    <property name="java.version" value="21.0.9"/>
    <property name="user.dir" value="C:\Users\Samuel\IdeaProjects\Taller1_microservicios\api-tests"/>
    <property name="os.arch" value="amd64"/>
    <property name="java.vm.specification.name" value="Java Virtual Machine Specification"/>
    <property name="sun.os.patch.level" value=""/>
    <property name="native.encoding" value="Cp1252"/>
    <property name="java.library.path" value="C:\Program Files\Java\jdk-21\bin;C:\WINDOWS\Sun\Java\bin;C:\WINDOWS\system32;C:\WINDOWS;C:\Users\Samuel\go\pkg\mod\golang.org\toolchain@v0.0.1-go1.25.1.windows-amd64\bin;C:\Users\Samuel\go\bin;C:\Python313\Scripts\;C:\Python313\;C:\oraclexe\app\oracle\product\11.2.0\server\bin;C:\Python312\Scripts\;C:\Python312\;C:\Program Files (x86)\Razer Chroma SDK\bin;C:\Program Files\Razer Chroma SDK\bin;C:\Program Files (x86)\Razer\ChromaBroadcast\bin;C:\Program Files\Razer\ChromaBroadcast\bin;C:\WINDOWS\system32;C:\WINDOWS;C:\WINDOWS\System32\Wbem;C:\WINDOWS\System32\WindowsPowerShell\v1.0\;C:\WINDOWS\System32\OpenSSH\;C:\ProgramData\chocolatey\bin;C:\Program Files\Git\cmd;C:\WINDOWS\system32\config\systemprofile\AppData\Local\Microsoft\WindowsApps;C:\Program Files\Go\bin;C:\Program Files\Docker\Docker\resources\bin;C:\instantclient\instantclient_21_14;C:\Program Files\nodejs\;C:\WINDOWS\system32;C:\WINDOWS;C:\WINDOWS\System32\Wbem;C:\WINDOWS\System32\WindowsPowerShell\v1.0\;C:\WINDOWS\System32\OpenSSH\;C:\Program Files\Apache\Maven\apache-maven-3.9.11\bin;C:\Program Files\Java\jdk-21\bin;C:\Users\Samuel\AppData\Local\Microsoft\WindowsApps;C:\Users\Samuel\AppData\Local\GitHubDesktop\bin;C:\Users\Samuel\go\bin;C:\Program Files\Go\bin;;C:\Program Files\JetBrains\GoLand 2023.3.4\bin;;C:\Program Files\Multipass\bin;C:\Users\Samuel\AppData\Roaming\npm;C:\Users\Samuel\AppData\Local\Programs\cursor\resources\app\bin;C:\Users\Samuel\AppData\Local\Programs\Microsoft VS Code\bin;."/>
    <property name="java.vm.info" value="mixed mode, sharing"/>
    <property name="stderr.encoding" value="Cp1252"/>
    <property name="java.vendor" value="Oracle Corporation"/>
    <property name="java.vm.version" value="21.0.9+7-LTS-338"/>
    <property name="sun.io.unicode.encoding" value="UnicodeLittle"/>
    <property name="java.class.version" value="65.0"/>
  </properties>
  <testcase name="Flujo completo de usuario - Flujo completo de usuario" classname="RunCucumberTest" time="5.952">
    <system-out><![CDATA[
&amp#27;[1mScenario:&amp#27;[22m Flujo completo de usuario                                                      &amp#27;[90m# classpath:com/uq/apitests/usuario-flows.feature:6&amp#27;[39m
  &amp#27;[32m✔&amp#27;[39m &amp#27;[32m&amp#27;[1mGiven &amp#27;[22mque genero un nuevo usuario aleatorio&amp#27;[39m                                          &amp#27;[90m# com.uq.apitests.steps.StepDefinitions.genero_usuario_aleatorio()&amp#27;[39m
  &amp#27;[32m✔&amp#27;[39m &amp#27;[32m&amp#27;[1mWhen &amp#27;[22mregistro el usuario&amp#27;[39m                                                             &amp#27;[90m# com.uq.apitests.steps.StepDefinitions.registro_usuario()&amp#27;[39m
  &amp#27;[32m✔&amp#27;[39m &amp#27;[32m&amp#27;[1mThen &amp#27;[22mrecibo el enlace de activación&amp#27;[39m                                                  &amp#27;[90m# com.uq.apitests.steps.StepDefinitions.recibe_enlace_activacion()&amp#27;[39m
  &amp#27;[32m✔&amp#27;[39m &amp#27;[32m&amp#27;[1mWhen &amp#27;[22mactivo la cuenta del usuario&amp#27;[39m                                                    &amp#27;[90m# com.uq.apitests.steps.StepDefinitions.activo_cuenta_usuario()&amp#27;[39m
  &amp#27;[32m✔&amp#27;[39m &amp#27;[32m&amp#27;[1mThen &amp#27;[22mel código de estado de respuesta debe ser &amp#27;[1m200&amp#27;[22m&amp#27;[39m                                   &amp#27;[90m# com.uq.apitests.steps.StepDefinitions.el_código_de_estado_de_respuesta_debe_ser(java.lang.Integer)&amp#27;[39m
  &amp#27;[32m✔&amp#27;[39m &amp#27;[32m&amp#27;[1mAnd &amp#27;[22mla respuesta debe coincidir con el esquema &amp#27;[1m"account-status-response-schema.json"&amp#27;[22m&amp#27;[39m &amp#27;[90m# com.uq.apitests.steps.StepDefinitions.la_respuesta_debe_coincidir_con_el_esquema(java.lang.String)&amp#27;[39m
  &amp#27;[32m✔&amp#27;[39m &amp#27;[32m&amp#27;[1mWhen &amp#27;[22minicio sesión con el usuario&amp#27;[39m                                                    &amp#27;[90m# com.uq.apitests.steps.StepDefinitions.login_usuario()&amp#27;[39m
  &amp#27;[32m✔&amp#27;[39m &amp#27;[32m&amp#27;[1mThen &amp#27;[22mel código de estado de respuesta debe ser &amp#27;[1m200&amp#27;[22m&amp#27;[39m                                   &amp#27;[90m# com.uq.apitests.steps.StepDefinitions.el_código_de_estado_de_respuesta_debe_ser(java.lang.Integer)&amp#27;[39m
  &amp#27;[32m✔&amp#27;[39m &amp#27;[32m&amp#27;[1mWhen &amp#27;[22mintento login con contraseña incorrecta&amp#27;[39m                                         &amp#27;[90m# com.uq.apitests.steps.StepDefinitions.login_contrasena_incorrecta()&amp#27;[39m
  &amp#27;[32m✔&amp#27;[39m &amp#27;[32m&amp#27;[1mThen &amp#27;[22mel código de estado de respuesta debe ser &amp#27;[1m400&amp#27;[22m&amp#27;[39m                                   &amp#27;[90m# com.uq.apitests.steps.StepDefinitions.el_código_de_estado_de_respuesta_debe_ser(java.lang.Integer)&amp#27;[39m
  &amp#27;[32m✔&amp#27;[39m &amp#27;[32m&amp#27;[1mAnd &amp#27;[22mla respuesta debe coincidir con el esquema &amp#27;[1m"error-response-schema.json"&amp#27;[22m&amp#27;[39m          &amp#27;[90m# com.uq.apitests.steps.StepDefinitions.la_respuesta_debe_coincidir_con_el_esquema(java.lang.String)&amp#27;[39m
  &amp#27;[32m✔&amp#27;[39m &amp#27;[32m&amp#27;[1mWhen &amp#27;[22mregistro el mismo usuario nuevamente&amp#27;[39m                                            &amp#27;[90m# com.uq.apitests.steps.StepDefinitions.registro_usuario_duplicado()&amp#27;[39m
  &amp#27;[32m✔&amp#27;[39m &amp#27;[32m&amp#27;[1mThen &amp#27;[22mel código de estado de respuesta debe ser &amp#27;[1m409&amp#27;[22m&amp#27;[39m                                   &amp#27;[90m# com.uq.apitests.steps.StepDefinitions.el_código_de_estado_de_respuesta_debe_ser(java.lang.Integer)&amp#27;[39m
  &amp#27;[32m✔&amp#27;[39m &amp#27;[32m&amp#27;[1mWhen &amp#27;[22msolicito un OTP para cambiar la contraseña&amp#27;[39m                                      &amp#27;[90m# com.uq.apitests.steps.StepDefinitions.solicito_otp()&amp#27;[39m
  &amp#27;[32m✔&amp#27;[39m &amp#27;[32m&amp#27;[1mThen &amp#27;[22mel código de estado de respuesta debe ser &amp#27;[1m200&amp#27;[22m&amp#27;[39m                                   &amp#27;[90m# com.uq.apitests.steps.StepDefinitions.el_código_de_estado_de_respuesta_debe_ser(java.lang.Integer)&amp#27;[39m
  &amp#27;[32m✔&amp#27;[39m &amp#27;[32m&amp#27;[1mAnd &amp#27;[22mel OTP generado se almacena&amp#27;[39m                                                      &amp#27;[90m# com.uq.apitests.steps.StepDefinitions.el_otp_generado_se_almacena()&amp#27;[39m
  &amp#27;[32m✔&amp#27;[39m &amp#27;[32m&amp#27;[1mWhen &amp#27;[22mcambio la contraseña del usuario&amp#27;[39m                                                &amp#27;[90m# com.uq.apitests.steps.StepDefinitions.cambio_contraseña()&amp#27;[39m
  &amp#27;[32m✔&amp#27;[39m &amp#27;[32m&amp#27;[1mThen &amp#27;[22mel código de estado de respuesta debe ser &amp#27;[1m200&amp#27;[22m&amp#27;[39m                                   &amp#27;[90m# com.uq.apitests.steps.StepDefinitions.el_código_de_estado_de_respuesta_debe_ser(java.lang.Integer)&amp#27;[39m
  &amp#27;[32m✔&amp#27;[39m &amp#27;[32m&amp#27;[1mAnd &amp#27;[22mla respuesta debe ser &amp#27;[1m"Contraseña reestablecida para el usuario"&amp#27;[22m&amp#27;[39m                 &amp#27;[90m# com.uq.apitests.steps.StepDefinitions.la_respuesta_debe_ser(java.lang.String)&amp#27;[39m
  &amp#27;[32m✔&amp#27;[39m &amp#27;[32m&amp#27;[1mWhen &amp#27;[22mactualizo los datos del usuario&amp#27;[39m                                                 &amp#27;[90m# com.uq.apitests.steps.StepDefinitions.actualizo_datos_usuario()&amp#27;[39m
  &amp#27;[32m✔&amp#27;[39m &amp#27;[32m&amp#27;[1mThen &amp#27;[22mel código de estado de respuesta debe ser &amp#27;[1m200&amp#27;[22m&amp#27;[39m                                   &amp#27;[90m# com.uq.apitests.steps.StepDefinitions.el_código_de_estado_de_respuesta_debe_ser(java.lang.Integer)&amp#27;[39m
  &amp#27;[32m✔&amp#27;[39m &amp#27;[32m&amp#27;[1mAnd &amp#27;[22mla respuesta debe coincidir con el esquema &amp#27;[1m"user-response-schema.json"&amp#27;[22m&amp#27;[39m           &amp#27;[90m# com.uq.apitests.steps.StepDefinitions.la_respuesta_debe_coincidir_con_el_esquema(java.lang.String)&amp#27;[39m
  &amp#27;[32m✔&amp#27;[39m &amp#27;[32m&amp#27;[1mWhen &amp#27;[22melimino el usuario&amp#27;[39m                                                              &amp#27;[90m# com.uq.apitests.steps.StepDefinitions.elimino_usuario()&amp#27;[39m
  &amp#27;[32m✔&amp#27;[39m &amp#27;[32m&amp#27;[1mThen &amp#27;[22mel código de estado de respuesta debe ser &amp#27;[1m204&amp#27;[22m&amp#27;[39m                                   &amp#27;[90m# com.uq.apitests.steps.StepDefinitions.el_código_de_estado_de_respuesta_debe_ser(java.lang.Integer)&amp#27;[39m
]]></system-out>
  </testcase>
</testsuite>